android/app/outputs/logs/manifest-merger-debug-report.txt
-- Merging decision tree log ---
manifest
ADDED from src/main/AndroidManifest.xml:1:1-75:12
	package
		ADDED from src/main/AndroidManifest.xml:2:5-34
		INJECTED from src/main/AndroidManifest.xml
		INJECTED from src/main/AndroidManifest.xml
	android:versionName
		ADDED from src/main/AndroidManifest.xml:4:5-30
		INJECTED from src/main/AndroidManifest.xml
		INJECTED from src/main/AndroidManifest.xml
	android:versionCode
		ADDED from src/main/AndroidManifest.xml:3:5-28
		INJECTED from src/main/AndroidManifest.xml
		INJECTED from src/main/AndroidManifest.xml
	xmlns:android
		ADDED from src/main/AndroidManifest.xml:1:11-69
uses-permission#android.permission.INTERNET
ADDED from src/main/AndroidManifest.xml:6:5-67
	android:name
		ADDED from src/main/AndroidManifest.xml:6:22-64
uses-permission#android.permission.SYSTEM_ALERT_WINDOW
ADDED from src/main/AndroidManifest.xml:7:5-77
MERGED from [com.facebook.react:react-native:0.46.4] AndroidManifest.xml:11:5-78
	android:name
		ADDED from src/main/AndroidManifest.xml:7:22-75
uses-sdk
ADDED from src/main/AndroidManifest.xml:9:5-11:41
MERGED from [ProductGuardian:react-native-svg:unspecified] AndroidManifest.xml:7:5-9:41
MERGED from [ProductGuardian:react-native-lock:unspecified] AndroidManifest.xml:30:5-32:41
MERGED from [com.auth0.android:lock-passwordless:1.17.1] AndroidManifest.xml:28:5-30:41
MERGED from [com.auth0.android:lock:1.17.1] AndroidManifest.xml:7:5-9:41
MERGED from [com.auth0.android:identity-core:1.17.1] AndroidManifest.xml:28:5-30:41
MERGED from [com.auth0.android:core:1.17.1] AndroidManifest.xml:7:5-9:41
MERGED from [com.hannesdorfmann.smoothprogressbar:library:1.0.0] AndroidManifest.xml:8:5-10:41
MERGED from [ProductGuardian:react-native-vector-icons:unspecified] AndroidManifest.xml:7:5-9:41
MERGED from [ProductGuardian:react-native-auth0:unspecified] AndroidManifest.xml:7:5-9:41
MERGED from [com.android.support:customtabs:23.3.0] AndroidManifest.xml:20:5-44
MERGED from [ProductGuardian:react-native-camera:unspecified] AndroidManifest.xml:7:5-9:41
MERGED from [com.facebook.react:react-native:0.46.4] AndroidManifest.xml:7:5-9:41
MERGED from [com.android.support:appcompat-v7:23.1.0] AndroidManifest.xml:20:5-43
MERGED from [com.android.support:support-v4:23.3.0] AndroidManifest.xml:20:5-43
MERGED from [com.facebook.fbui.textlayoutbuilder:textlayoutbuilder:1.0.0] AndroidManifest.xml:14:5-16:41
MERGED from [com.facebook.fresco:fresco:1.0.1] AndroidManifest.xml:5:5-7:41
MERGED from [com.facebook.fresco:drawee:1.0.1] AndroidManifest.xml:5:5-7:41
MERGED from [com.facebook.fresco:imagepipeline-okhttp3:1.0.1] AndroidManifest.xml:5:5-7:41
MERGED from [com.facebook.fresco:imagepipeline:1.0.1] AndroidManifest.xml:5:5-7:41
MERGED from [com.facebook.fresco:imagepipeline-base:1.0.1] AndroidManifest.xml:5:5-7:41
MERGED from [com.facebook.fresco:fbcore:1.0.1] AndroidManifest.xml:5:5-7:41
MERGED from [com.facebook.soloader:soloader:0.1.0] AndroidManifest.xml:2:3-70
	android:targetSdkVersion
		ADDED from src/main/AndroidManifest.xml:11:9-38
		INJECTED from src/main/AndroidManifest.xml
		INJECTED from src/main/AndroidManifest.xml
	android:minSdkVersion
		ADDED from src/main/AndroidManifest.xml:10:9-35
		INJECTED from src/main/AndroidManifest.xml
		INJECTED from src/main/AndroidManifest.xml
application
ADDED from src/main/AndroidManifest.xml:13:5-73:19
MERGED from [com.hannesdorfmann.smoothprogressbar:library:1.0.0] AndroidManifest.xml:12:5-20
MERGED from [ProductGuardian:react-native-auth0:unspecified] AndroidManifest.xml:11:5-12:19
MERGED from [com.android.support:customtabs:23.3.0] AndroidManifest.xml:22:5-20
MERGED from [com.facebook.react:react-native:0.46.4] AndroidManifest.xml:13:5-20
MERGED from [com.android.support:appcompat-v7:23.1.0] AndroidManifest.xml:22:5-20
MERGED from [com.android.support:support-v4:23.3.0] AndroidManifest.xml:22:5-20
MERGED from [com.facebook.soloader:soloader:0.1.0] AndroidManifest.xml:3:3-17
MERGED from [org.webkit:android-jsc:r174650] AndroidManifest.xml:2:3-17
	android:label
		ADDED from src/main/AndroidManifest.xml:16:7-39
	android:allowBackup
		ADDED from src/main/AndroidManifest.xml:15:7-33
	android:icon
		ADDED from src/main/AndroidManifest.xml:17:7-37
	android:theme
		ADDED from src/main/AndroidManifest.xml:18:7-38
	android:name
		ADDED from src/main/AndroidManifest.xml:14:7-38
activity#com.productguardian.MainActivity
ADDED from src/main/AndroidManifest.xml:19:7-38:18
	android:label
		ADDED from src/main/AndroidManifest.xml:21:9-41
	android:launchMode
		ADDED from src/main/AndroidManifest.xml:22:9-40
	android:windowSoftInputMode
		ADDED from src/main/AndroidManifest.xml:24:9-51
	android:configChanges
		ADDED from src/main/AndroidManifest.xml:23:9-79
	android:name
		ADDED from src/main/AndroidManifest.xml:20:9-37
intent-filter#android.intent.action.MAIN+android.intent.category.LAUNCHER
ADDED from src/main/AndroidManifest.xml:25:9-28:25
action#android.intent.action.MAIN
ADDED from src/main/AndroidManifest.xml:26:13-65
	android:name
		ADDED from src/main/AndroidManifest.xml:26:21-62
category#android.intent.category.LAUNCHER
ADDED from src/main/AndroidManifest.xml:27:13-73
	android:name
		ADDED from src/main/AndroidManifest.xml:27:23-70
intent-filter#android.intent.action.VIEW+android.intent.category.BROWSABLE+android.intent.category.DEFAULT
ADDED from src/main/AndroidManifest.xml:29:9-37:25
action#android.intent.action.VIEW
ADDED from src/main/AndroidManifest.xml:30:13-65
	android:name
		ADDED from src/main/AndroidManifest.xml:30:21-62
category#android.intent.category.DEFAULT
ADDED from src/main/AndroidManifest.xml:31:13-72
	android:name
		ADDED from src/main/AndroidManifest.xml:31:23-69
category#android.intent.category.BROWSABLE
ADDED from src/main/AndroidManifest.xml:32:13-74
	android:name
		ADDED from src/main/AndroidManifest.xml:32:23-71
data
ADDED from src/main/AndroidManifest.xml:33:13-36:51
	android:host
		ADDED from src/main/AndroidManifest.xml:34:15-50
	android:scheme
		ADDED from src/main/AndroidManifest.xml:36:15-48
		INJECTED from src/main/AndroidManifest.xml
	android:pathPrefix
		ADDED from src/main/AndroidManifest.xml:35:15-70
		INJECTED from src/main/AndroidManifest.xml
activity#com.auth0.lock.LockActivity
ADDED from src/main/AndroidManifest.xml:40:7-52:18
	android:screenOrientation
		ADDED from src/main/AndroidManifest.xml:43:9-45
	android:launchMode
		ADDED from src/main/AndroidManifest.xml:44:9-40
	android:theme
		ADDED from src/main/AndroidManifest.xml:42:9-44
	android:name
		ADDED from src/main/AndroidManifest.xml:41:9-51
activity#com.auth0.identity.web.WebViewActivity
ADDED from src/main/AndroidManifest.xml:55:7-58:18
	android:theme
		ADDED from src/main/AndroidManifest.xml:57:11-46
	android:name
		ADDED from src/main/AndroidManifest.xml:56:11-64
activity#com.auth0.lock.passwordless.LockPasswordlessActivity
ADDED from src/main/AndroidManifest.xml:61:7-66:18
	android:screenOrientation
		ADDED from src/main/AndroidManifest.xml:64:11-47
	android:launchMode
		ADDED from src/main/AndroidManifest.xml:65:11-42
	android:theme
		ADDED from src/main/AndroidManifest.xml:63:11-46
	android:name
		ADDED from src/main/AndroidManifest.xml:62:11-78
activity#com.auth0.lock.passwordless.CountryCodeActivity
ADDED from src/main/AndroidManifest.xml:67:7-70:18
	android:theme
		ADDED from src/main/AndroidManifest.xml:69:11-46
	android:name
		ADDED from src/main/AndroidManifest.xml:68:11-73
activity#com.facebook.react.devsupport.DevSettingsActivity
ADDED from src/main/AndroidManifest.xml:72:7-84
	android:name
		ADDED from src/main/AndroidManifest.xml:72:17-81
uses-permission#android.permission.CAMERA
ADDED from [ProductGuardian:react-native-camera:unspecified] AndroidManifest.xml:11:5-65
	android:name
		ADDED from [ProductGuardian:react-native-camera:unspecified] AndroidManifest.xml:11:22-62
uses-feature#android.hardware.camera
ADDED from [ProductGuardian:react-native-camera:unspecified] AndroidManifest.xml:13:5-15:36
	android:required
		ADDED from [ProductGuardian:react-native-camera:unspecified] AndroidManifest.xml:15:9-33
	android:name
		ADDED from [ProductGuardian:react-native-camera:unspecified] AndroidManifest.xml:14:9-47
uses-feature#android.hardware.camera.autofocus
ADDED from [ProductGuardian:react-native-camera:unspecified] AndroidManifest.xml:16:5-18:36
	android:required
		ADDED from [ProductGuardian:react-native-camera:unspecified] AndroidManifest.xml:18:9-33
	android:name
		ADDED from [ProductGuardian:react-native-camera:unspecified] AndroidManifest.xml:17:9-57
android:uses-permission#android.permission.WRITE_EXTERNAL_STORAGE
IMPLIED from src/main/AndroidManifest.xml:1:1-75:12 reason: org.webkit.android_jsc has a targetSdkVersion < 4
android:uses-permission#android.permission.READ_PHONE_STATE
IMPLIED from src/main/AndroidManifest.xml:1:1-75:12 reason: org.webkit.android_jsc has a targetSdkVersion < 4
android:uses-permission#android.permission.READ_EXTERNAL_STORAGE
IMPLIED from src/main/AndroidManifest.xml:1:1-75:12 reason: org.webkit.android_jsc requested WRITE_EXTERNAL_STORAGE